<?xml version="1.0" encoding="utf-8"?><testsuites name="pytest tests"><testsuite name="pytest" errors="0" failures="0" skipped="0" tests="3" time="4.495" timestamp="2026-05-07T10:51:37.730831+00:00" hostname="agent-env-c5bb9479-c29b-4b8f-8c8a-bb1c462c8e22"><testcase classname="backend.tests.test_booking_onboarding" name="test_booking_onboarding_wizard_payload" time="2.305" /><testcase classname="backend.tests.test_booking_onboarding" name="test_booking_legacy_payload_backward_compat" time="1.961" /><testcase classname="backend.tests.test_booking_onboarding" name="test_booking_validation_missing_required" time="0.139" /></testsuite></testsuites>