<?xml version="1.0" encoding="utf-8"?><testsuites name="pytest tests"><testsuite name="pytest" errors="0" failures="0" skipped="0" tests="27" time="5.803" timestamp="2026-07-03T17:50:59.774125+00:00" hostname="agent-env-c5bb9479-c29b-4b8f-8c8a-bb1c462c8e22"><testcase classname="backend.tests.test_canonical_phonemes.TestCanonicalCounts" name="test_total_count_is_84" time="0.158" /><testcase classname="backend.tests.test_canonical_phonemes.TestCanonicalCounts" name="test_genam_count_40" time="0.101" /><testcase classname="backend.tests.test_canonical_phonemes.TestCanonicalCounts" name="test_rp_count_44" time="0.110" /><testcase classname="backend.tests.test_canonical_phonemes.TestDialectDivergence" name="test_rp_centring_diphthongs_present" time="0.000" /><testcase classname="backend.tests.test_canonical_phonemes.TestDialectDivergence" name="test_centring_diphthongs_absent_from_genam" time="0.000" /><testcase classname="backend.tests.test_canonical_phonemes.TestDialectDivergence" name="test_rp_has_lot_ɒ_and_genam_does_not" time="0.000" /><testcase classname="backend.tests.test_canonical_phonemes.TestDialectDivergence" name="test_rp_has_nurse_ɜː_with_anti_drift_note" time="0.115" /><testcase classname="backend.tests.test_canonical_phonemes.TestDialectDivergence" name="test_genam_dress_is_open_mid_ɛ" time="0.000" /><testcase classname="backend.tests.test_canonical_phonemes.TestDialectDivergence" name="test_rp_dress_is_open_mid_e" time="0.000" /><testcase classname="backend.tests.test_canonical_phonemes.TestFilteringAndSort" name="test_kind_vowel_filter" time="0.112" /><testcase classname="backend.tests.test_canonical_phonemes.TestFilteringAndSort" name="test_dialect_rp_and_kind_diphthong_combo" time="0.118" /><testcase classname="backend.tests.test_canonical_phonemes.TestControlledVocabulary" name="test_controlled_vocab_present" time="0.000" /><testcase classname="backend.tests.test_canonical_phonemes.TestControlledVocabulary" name="test_height_uses_ipa_standard_terms" time="0.000" /><testcase classname="backend.tests.test_canonical_phonemes.TestConsonantDialectNotes" name="test_t_has_dialect_notes_both" time="0.110" /><testcase classname="backend.tests.test_canonical_phonemes.TestValidation" name="test_bad_dialect_returns_400" time="0.100" /><testcase classname="backend.tests.test_canonical_phonemes.TestValidation" name="test_bad_kind_returns_400" time="0.103" /><testcase classname="backend.tests.test_canonical_phonemes.TestValidation" name="test_missing_phoneme_returns_404" time="0.108" /><testcase classname="backend.tests.test_canonical_phonemes.TestValidation" name="test_single_lookup_bad_dialect_400" time="0.104" /><testcase classname="backend.tests.test_canonical_phonemes.TestIdempotency" name="test_no_duplicate_dialect_ipa_pairs" time="0.000" /><testcase classname="backend.tests.test_canonical_phonemes.TestIdempotency" name="test_total_remains_84_on_second_call" time="0.242" /><testcase classname="backend.tests.test_canonical_phonemes.TestRegressionPublicEndpoints" name="test_testimonials" time="0.112" /><testcase classname="backend.tests.test_canonical_phonemes.TestRegressionPublicEndpoints" name="test_clients" time="0.100" /><testcase classname="backend.tests.test_canonical_phonemes.TestRegressionPublicEndpoints" name="test_admin_login" time="0.334" /><testcase classname="backend.tests.test_canonical_phonemes.TestRegressionPublicEndpoints" name="test_admin_leads_requires_auth" time="0.097" /><testcase classname="backend.tests.test_canonical_phonemes.TestRegressionPublicEndpoints" name="test_admin_leads_with_auth" time="0.489" /><testcase classname="backend.tests.test_canonical_phonemes.TestRegressionPublicEndpoints" name="test_chat_endpoint" time="2.987" /><testcase classname="backend.tests.test_canonical_phonemes.TestRegressionPublicEndpoints" name="test_admin_popups" time="0.118" /></testsuite></testsuites>