<?xml version="1.0" encoding="utf-8"?><testsuites name="pytest tests"><testsuite name="pytest" errors="0" failures="0" skipped="0" tests="9" time="1.411" timestamp="2026-07-08T15:32:27.974080+00:00" hostname="agent-env-c5bb9479-c29b-4b8f-8c8a-bb1c462c8e22"><testcase classname="backend.tests.test_iter27_words_limit_30" name="test_admin_login_works" time="0.460" /><testcase classname="backend.tests.test_iter27_words_limit_30" name="test_u_foot_card_exists_and_has_30_words" time="0.332" /><testcase classname="backend.tests.test_iter27_words_limit_30" name="test_batch_audio_empty_body_defaults_to_30_words_both_dialects" time="0.054" /><testcase classname="backend.tests.test_iter27_words_limit_30" name="test_batch_audio_explicit_30_all_populated_produces_60_skipped" time="0.050" /><testcase classname="backend.tests.test_iter27_words_limit_30" name="test_batch_audio_only_keys_targeting_word_29_both_dialects" time="0.049" /><testcase classname="backend.tests.test_iter27_words_limit_30" name="test_batch_audio_include_words_rp_false_only_ame" time="0.056" /><testcase classname="backend.tests.test_iter27_words_limit_30" name="test_batch_audio_requires_auth" time="0.049" /><testcase classname="backend.tests.test_iter27_words_limit_30" name="test_batch_audio_unknown_card_returns_404" time="0.052" /><testcase classname="backend.tests.test_iter27_words_limit_30" name="test_patch_audio_url_word_shape_still_works" time="0.241" /></testsuite></testsuites>