<?xml version="1.0" encoding="utf-8"?><testsuites name="pytest tests"><testsuite name="pytest" errors="0" failures="2" skipped="0" tests="5" time="1.270" timestamp="2026-07-05T19:36:17.198871+00:00" hostname="agent-env-c5bb9479-c29b-4b8f-8c8a-bb1c462c8e22"><testcase classname="backend.tests.test_phoneme_batch_fill.TestBatchFillAuthAndErrors" name="test_no_auth_returns_403" time="0.558" /><testcase classname="backend.tests.test_phoneme_batch_fill.TestBatchFillAuthAndErrors" name="test_nonexistent_id_returns_404" time="0.100" /><testcase classname="backend.tests.test_phoneme_batch_fill.TestBatchFillAuthAndErrors" name="test_published_card_without_overwrite_returns_409" time="0.119" /><testcase classname="backend.tests.test_phoneme_batch_fill.TestBatchFillAutofillOnly" name="test_autofill_only_no_ai" time="0.102"><failure message="AssertionError: missing autofill key features; got []&#10;assert 'features' in []">backend/tests/test_phoneme_batch_fill.py:147: in test_autofill_only_no_ai
    assert key in auto, f"missing autofill key {key}; got {auto}"
E   AssertionError: missing autofill key features; got []
E   assert 'features' in []</failure></testcase><testcase classname="backend.tests.test_phoneme_batch_fill.TestBatchFillSeedMismatch" name="test_edress_default_dialect_returns_404_due_to_seed_mismatch" time="0.321"><failure message="AssertionError: expected 404 (seed mismatch), got 200. If this now returns 200, the e-dress ipa='e'/GenAm mismatch has been fixed — update this test to expect 200.&#10;assert 200 == 404&#10; +  where 200 = &lt;Response [200]&gt;.status_code">backend/tests/test_phoneme_batch_fill.py:255: in test_edress_default_dialect_returns_404_due_to_seed_mismatch
    assert r.status_code == 404, (
E   AssertionError: expected 404 (seed mismatch), got 200. If this now returns 200, the e-dress ipa='e'/GenAm mismatch has been fixed — update this test to expect 200.
E   assert 200 == 404
E    +  where 200 = &lt;Response [200]&gt;.status_code</failure></testcase></testsuite></testsuites>