<?xml version="1.0" encoding="utf-8"?><testsuites name="pytest tests"><testsuite name="pytest" errors="0" failures="0" skipped="0" tests="10" time="2.817" timestamp="2026-07-05T19:37:14.268097+00:00" hostname="agent-env-c5bb9479-c29b-4b8f-8c8a-bb1c462c8e22"><testcase classname="backend.tests.test_phoneme_batch_fill.TestBatchFillAuthAndErrors" name="test_no_auth_returns_403" time="0.623" /><testcase classname="backend.tests.test_phoneme_batch_fill.TestBatchFillAuthAndErrors" name="test_nonexistent_id_returns_404" time="0.100" /><testcase classname="backend.tests.test_phoneme_batch_fill.TestBatchFillAuthAndErrors" name="test_published_card_without_overwrite_returns_409" time="0.113" /><testcase classname="backend.tests.test_phoneme_batch_fill.TestBatchFillAutofillOnly" name="test_autofill_only_no_ai" time="0.206" /><testcase classname="backend.tests.test_phoneme_batch_fill.TestBatchFillDialectFallback" name="test_edress_default_dialect_falls_back_to_rp" time="0.104" /><testcase classname="backend.tests.test_phoneme_batch_fill_iter21.TestDialectFallback" name="test_edress_auto_detect_falls_back_to_rp" time="0.531" /><testcase classname="backend.tests.test_phoneme_batch_fill_iter21.TestDialectFallback" name="test_apalm_auto_detect_prefers_genam_when_both_work" time="0.124" /><testcase classname="backend.tests.test_phoneme_batch_fill_iter21.TestDialectFallback" name="test_explicit_dialect_overrides_auto_detect" time="0.095" /><testcase classname="backend.tests.test_phoneme_batch_fill_iter21.TestNoCandidateDialectMatches" name="test_nonexistent_ipa_404_with_candidate_message" time="0.412" /><testcase classname="backend.tests.test_phoneme_batch_fill_iter21.TestNoChangesReadinessScorePopulated" name="test_double_batch_no_change_returns_score" time="0.429" /></testsuite></testsuites>