<?xml version="1.0" encoding="utf-8"?><testsuites name="pytest tests"><testsuite name="pytest" errors="0" failures="0" skipped="0" tests="5" time="1.636" timestamp="2026-07-05T19:36:07.105772+00:00" hostname="agent-env-c5bb9479-c29b-4b8f-8c8a-bb1c462c8e22"><testcase classname="backend.tests.test_phoneme_batch_fill_iter21.TestDialectFallback" name="test_edress_auto_detect_falls_back_to_rp" time="0.688" /><testcase classname="backend.tests.test_phoneme_batch_fill_iter21.TestDialectFallback" name="test_apalm_auto_detect_prefers_genam_when_both_work" time="0.127" /><testcase classname="backend.tests.test_phoneme_batch_fill_iter21.TestDialectFallback" name="test_explicit_dialect_overrides_auto_detect" time="0.112" /><testcase classname="backend.tests.test_phoneme_batch_fill_iter21.TestNoCandidateDialectMatches" name="test_nonexistent_ipa_404_with_candidate_message" time="0.438" /><testcase classname="backend.tests.test_phoneme_batch_fill_iter21.TestNoChangesReadinessScorePopulated" name="test_double_batch_no_change_returns_score" time="0.215" /></testsuite></testsuites>