<?xml version="1.0" encoding="utf-8"?><testsuites name="pytest tests"><testsuite name="pytest" errors="0" failures="0" skipped="0" tests="14" time="30.754" timestamp="2026-05-07T11:22:45.715404+00:00" hostname="agent-env-c5bb9479-c29b-4b8f-8c8a-bb1c462c8e22"><testcase classname="backend.tests.test_iter13_magic_and_lead_email.TestBookingMagicAutoRegister" name="test_onboarding_wizard_creates_user" time="5.431" /><testcase classname="backend.tests.test_iter13_magic_and_lead_email.TestBookingMagicAutoRegister" name="test_duplicate_email_does_not_create_second_user" time="4.975" /><testcase classname="backend.tests.test_iter13_magic_and_lead_email.TestBookingMagicAutoRegister" name="test_legacy_booking_form_does_not_create_user" time="2.706" /><testcase classname="backend.tests.test_iter13_magic_and_lead_email.TestAuthMagic" name="test_missing_token_returns_400" time="0.060" /><testcase classname="backend.tests.test_iter13_magic_and_lead_email.TestAuthMagic" name="test_invalid_token_returns_401" time="0.060" /><testcase classname="backend.tests.test_iter13_magic_and_lead_email.TestAuthMagic" name="test_jwt_without_magic_claim_returns_400" time="0.076" /><testcase classname="backend.tests.test_iter13_magic_and_lead_email.TestAuthMagic" name="test_expired_magic_token_returns_401" time="0.060" /><testcase classname="backend.tests.test_iter13_magic_and_lead_email.TestAuthMagic" name="test_valid_magic_token_returns_session" time="5.322" /><testcase classname="backend.tests.test_iter13_magic_and_lead_email.TestLeadTemplatedEmail" name="test_invalid_template_returns_400" time="4.797" /><testcase classname="backend.tests.test_iter13_magic_and_lead_email.TestLeadTemplatedEmail" name="test_nonexistent_lead_returns_404" time="0.054" /><testcase classname="backend.tests.test_iter13_magic_and_lead_email.TestLeadTemplatedEmail" name="test_unauthenticated_request_blocked" time="0.066" /><testcase classname="backend.tests.test_iter13_magic_and_lead_email.TestLeadTemplatedEmail" name="test_welcome_template_sends_and_logs_touch" time="3.299" /><testcase classname="backend.tests.test_iter13_magic_and_lead_email.TestLeadTemplatedEmail" name="test_followup_italian_with_role_substitution" time="1.957" /><testcase classname="backend.tests.test_iter13_magic_and_lead_email.TestLeadTemplatedEmail" name="test_proposal_subject_substitutes_role" time="1.819" /></testsuite></testsuites>