<?xml version="1.0" encoding="utf-8"?><testsuites name="pytest tests"><testsuite name="pytest" errors="0" failures="0" skipped="0" tests="7" time="1.536" timestamp="2026-07-08T09:35:39.639194+00:00" hostname="agent-env-c5bb9479-c29b-4b8f-8c8a-bb1c462c8e22"><testcase classname="tests.test_batch_rewrite_mnemonics.TestAuthGuard" name="test_unauthenticated_is_rejected" time="0.234" /><testcase classname="tests.test_batch_rewrite_mnemonics.TestAuthGuard" name="test_bad_token_is_rejected" time="0.113" /><testcase classname="tests.test_batch_rewrite_mnemonics.TestBatchRewrite" name="test_default_run_returns_summary" time="0.422" /><testcase classname="tests.test_batch_rewrite_mnemonics.TestBatchRewrite" name="test_idempotency_second_run_no_changes" time="0.232" /><testcase classname="tests.test_batch_rewrite_mnemonics.TestUFootSemantics" name="test_u_foot_has_all_target_tokens" time="0.123" /><testcase classname="tests.test_batch_rewrite_mnemonics.TestUFootSemantics" name="test_u_foot_reannotates_correctly_after_force" time="0.237" /><testcase classname="tests.test_batch_rewrite_mnemonics.TestOnlyIdsFilter" name="test_only_ids_restricts_processing" time="0.111" /></testsuite></testsuites>