<?xml version="1.0" encoding="utf-8"?><testsuites name="pytest tests"><testsuite name="pytest" errors="0" failures="0" skipped="0" tests="16" time="4.167" timestamp="2026-07-08T14:50:22.516188+00:00" hostname="agent-env-c5bb9479-c29b-4b8f-8c8a-bb1c462c8e22"><testcase classname="backend.tests.test_iter26_audio_manual.TestPatchAudioUrl" name="test_auth_guard" time="0.252" /><testcase classname="backend.tests.test_iter26_audio_manual.TestPatchAudioUrl" name="test_unknown_card_returns_404" time="0.471" /><testcase classname="backend.tests.test_iter26_audio_manual.TestPatchAudioUrl" name="test_malformed_key_returns_400" time="0.122" /><testcase classname="backend.tests.test_iter26_audio_manual.TestPatchAudioUrl" name="test_patch_and_persist_each_key_shape[isolated-AmE-verify_path0]" time="0.226" /><testcase classname="backend.tests.test_iter26_audio_manual.TestPatchAudioUrl" name="test_patch_and_persist_each_key_shape[isolated-RP-verify_path1]" time="0.258" /><testcase classname="backend.tests.test_iter26_audio_manual.TestPatchAudioUrl" name="test_patch_and_persist_each_key_shape[example-AmE-0-verify_path2]" time="0.260" /><testcase classname="backend.tests.test_iter26_audio_manual.TestPatchAudioUrl" name="test_patch_and_persist_each_key_shape[example-RP-0-verify_path3]" time="0.239" /><testcase classname="backend.tests.test_iter26_audio_manual.TestPatchAudioUrl" name="test_patch_and_persist_each_key_shape[mnemonic-verify_path4]" time="0.261" /><testcase classname="backend.tests.test_iter26_audio_manual.TestPatchAudioUrl" name="test_patch_and_persist_each_key_shape[word-3-AmE-verify_path5]" time="0.264" /><testcase classname="backend.tests.test_iter26_audio_manual.TestPatchAudioUrl" name="test_patch_and_persist_each_key_shape[word-3-RP-verify_path6]" time="0.276" /><testcase classname="backend.tests.test_iter26_audio_manual.TestElevenLabsUpload" name="test_auth_guard" time="0.112" /><testcase classname="backend.tests.test_iter26_audio_manual.TestElevenLabsUpload" name="test_upload_tiny_mp3" time="0.293" /><testcase classname="backend.tests.test_iter26_audio_manual.TestElevenLabsUpload" name="test_upload_wav_extension" time="0.309" /><testcase classname="backend.tests.test_iter26_audio_manual.TestElevenLabsUpload" name="test_reject_invalid_extension" time="0.116" /><testcase classname="backend.tests.test_iter26_audio_manual.TestElevenLabsUpload" name="test_reject_empty_file" time="0.113" /><testcase classname="backend.tests.test_iter26_audio_manual.TestElevenLabsUpload" name="test_reject_oversized_file" time="0.525" /></testsuite></testsuites>