<?xml version="1.0" encoding="utf-8"?><testsuites name="pytest tests"><testsuite name="pytest" errors="0" failures="0" skipped="0" tests="12" time="1.400" timestamp="2026-07-05T21:31:58.814329+00:00" hostname="agent-env-c5bb9479-c29b-4b8f-8c8a-bb1c462c8e22"><testcase classname="backend.tests.test_phoneme_batch_fill_iter22.TestIpaEquivalence" name="test_autofill_ascii_r_resolves_to_canonical_turned_r" time="0.408" /><testcase classname="backend.tests.test_phoneme_batch_fill_iter22.TestIpaEquivalence" name="test_autofill_ipa_turned_r_also_works" time="0.051" /><testcase classname="backend.tests.test_phoneme_batch_fill_iter22.TestIpaEquivalence" name="test_autofill_opentail_g_resolves_to_ascii_g" time="0.047" /><testcase classname="backend.tests.test_phoneme_batch_fill_iter22.TestIpaEquivalence" name="test_batch_fill_r_red" time="0.053" /><testcase classname="backend.tests.test_phoneme_batch_fill_iter22.TestIpaEquivalence" name="test_batch_fill_g_get" time="0.048" /><testcase classname="backend.tests.test_phoneme_batch_fill_iter22.TestIpaEquivalence" name="test_readiness_r_red_canonical_match_pass" time="0.064" /><testcase classname="backend.tests.test_phoneme_batch_fill_iter22.TestIpaEquivalence" name="test_readiness_g_get_canonical_match_pass" time="0.158" /><testcase classname="backend.tests.test_phoneme_batch_fill_iter22.TestMnemonicAudioClear" name="test_batch_fill_response_shape_includes_ai_confidences" time="0.048" /><testcase classname="backend.tests.test_phoneme_batch_fill_iter22.TestPublicPhonemesList" name="test_public_list_returns_only_published" time="0.115" /><testcase classname="backend.tests.test_phoneme_batch_fill_iter22.TestPublicPhonemesList" name="test_publish_toggle_workflow_i_kit" time="0.232" /><testcase classname="backend.tests.test_phoneme_batch_fill_iter22.TestRegression" name="test_canonical_still_84" time="0.051" /><testcase classname="backend.tests.test_phoneme_batch_fill_iter22.TestRegression" name="test_u_foot_readiness_still_100" time="0.050" /></testsuite></testsuites>