<?xml version="1.0" encoding="utf-8"?><testsuites name="pytest tests"><testsuite name="pytest" errors="0" failures="0" skipped="0" tests="9" time="2.915" timestamp="2026-07-08T16:55:50.475189+00:00" hostname="agent-env-c5bb9479-c29b-4b8f-8c8a-bb1c462c8e22"><testcase classname="backend.tests.test_iter29_fetch_external.TestAuthGuard" name="test_no_token_returns_401_or_403" time="0.285" /><testcase classname="backend.tests.test_iter29_fetch_external.TestInputValidation" name="test_empty_url_returns_400" time="0.513" /><testcase classname="backend.tests.test_iter29_fetch_external.TestInputValidation" name="test_whitespace_url_returns_400" time="0.140" /><testcase classname="backend.tests.test_iter29_fetch_external.TestInputValidation" name="test_ftp_scheme_returns_400" time="0.103" /><testcase classname="backend.tests.test_iter29_fetch_external.TestInputValidation" name="test_file_scheme_returns_400" time="0.114" /><testcase classname="backend.tests.test_iter29_fetch_external.TestNonAudioRemote" name="test_html_page_returns_415" time="0.272" /><testcase classname="backend.tests.test_iter29_fetch_external.TestValidFetch" name="test_valid_mp3_returns_expected_payload" time="0.477" /><testcase classname="backend.tests.test_iter29_fetch_external.TestValidFetch" name="test_fetched_file_is_reachable" time="0.273" /><testcase classname="backend.tests.test_iter29_fetch_external.TestFetchAndAssociate" name="test_full_flow_fetch_then_associate" time="0.674" /></testsuite></testsuites>