<?xml version="1.0" encoding="utf-8"?><testsuites name="pytest tests"><testsuite name="pytest" errors="0" failures="0" skipped="0" tests="5" time="0.692" timestamp="2026-07-22T20:34:00.615708+00:00" hostname="agent-env-3d5a8dc9-b94d-49b0-9ed8-e705d2c7c945"><testcase classname="backend.tests.test_level_test_lead_m25.TestGdprConsentGate" name="test_missing_consent_returns_422" time="0.331" /><testcase classname="backend.tests.test_level_test_lead_m25.TestGdprConsentGate" name="test_private_lead_saved_when_consent_true" time="0.056" /><testcase classname="backend.tests.test_level_test_lead_m25.TestCorporateBranchPersistence" name="test_corporate_saved_with_company_and_phone" time="0.060" /><testcase classname="backend.tests.test_level_test_lead_m25.TestCorporateBranchPersistence" name="test_private_lead_does_not_store_phone" time="0.056" /><testcase classname="backend.tests.test_level_test_lead_m25.TestInvalidEmail" name="test_invalid_email_returns_422" time="0.059" /></testsuite></testsuites>