<?xml version="1.0" encoding="utf-8"?><testsuites name="pytest tests"><testsuite name="pytest" errors="0" failures="0" skipped="0" tests="17" time="19.210" timestamp="2026-02-23T10:23:35.537715+00:00" hostname="agent-env-adbd8c7b-6e54-4a5c-bbdd-8975c7e83035"><testcase classname="backend.tests.test_messaging.TestUserUpdateWithNewFields" name="test_list_users_shows_new_fields" time="0.631" /><testcase classname="backend.tests.test_messaging.TestUserUpdateWithNewFields" name="test_create_business_user_with_full_profile" time="0.811" /><testcase classname="backend.tests.test_messaging.TestUserUpdateWithNewFields" name="test_update_user_business_fields" time="1.030" /><testcase classname="backend.tests.test_messaging.TestUserUpdateWithNewFields" name="test_update_user_foreign_type" time="0.796" /><testcase classname="backend.tests.test_messaging.TestMessagingEndpoints" name="test_admin_get_conversations" time="1.244" /><testcase classname="backend.tests.test_messaging.TestMessagingEndpoints" name="test_admin_send_text_message" time="1.247" /><testcase classname="backend.tests.test_messaging.TestMessagingEndpoints" name="test_admin_send_task_message" time="1.267" /><testcase classname="backend.tests.test_messaging.TestMessagingEndpoints" name="test_client_get_unread_count" time="1.322" /><testcase classname="backend.tests.test_messaging.TestMessagingEndpoints" name="test_client_get_messages" time="1.322" /><testcase classname="backend.tests.test_messaging.TestMessagingEndpoints" name="test_client_send_reply" time="1.244" /><testcase classname="backend.tests.test_messaging.TestMessagingEndpoints" name="test_admin_get_messages_with_user" time="1.309" /><testcase classname="backend.tests.test_messaging.TestMessagingEndpoints" name="test_client_complete_task" time="1.305" /><testcase classname="backend.tests.test_messaging.TestMessagingEndpoints" name="test_admin_send_video_message" time="1.225" /><testcase classname="backend.tests.test_messaging.TestMessagingEndpoints" name="test_admin_send_audio_message" time="1.211" /><testcase classname="backend.tests.test_messaging.TestMessagingEndpoints" name="test_message_invalid_recipient" time="1.738" /><testcase classname="backend.tests.test_messaging.TestUserTableActions" name="test_delete_user" time="0.868" /><testcase classname="backend.tests.test_messaging.TestUserTableActions" name="test_user_has_id_for_actions" time="0.434" /></testsuite></testsuites>