<?xml version="1.0" encoding="utf-8"?><testsuites name="pytest tests"><testsuite name="pytest" errors="0" failures="0" skipped="0" tests="29" time="19.864" timestamp="2026-07-16T19:06:23.615972+00:00" hostname="agent-env-3d5a8dc9-b94d-49b0-9ed8-e705d2c7c945"><testcase classname="tests.test_phoneme_formants_phase2.TestConsentGate" name="test_403_without_audio_consent" time="0.876" /><testcase classname="tests.test_phoneme_formants_phase2.TestConsentGate" name="test_200_after_granting_consent" time="0.809" /><testcase classname="tests.test_phoneme_formants_phase2.TestBug1FormantNucleusMedian" name="test_i_fleece_f1_is_low" time="0.810" /><testcase classname="tests.test_phoneme_formants_phase2.TestBug2WordReferenceRelativeUrl" name="test_word_reference_relative_url_fallback_for_absent_phoneme" time="1.386" /><testcase classname="tests.test_phoneme_formants_phase2.TestRegressionDatasetPhoneme" name="test_dataset_reference_for_i_AmE" time="0.803" /><testcase classname="tests.test_phoneme_formants_phase2.TestBug3Fix2ScoreGopWiderTolerance" name="test_default_tol_sd_is_2_5" time="0.000" /><testcase classname="tests.test_phoneme_formants_phase2.TestBug3Fix2ScoreGopWiderTolerance" name="test_score_at_mean_is_100" time="0.000" /><testcase classname="tests.test_phoneme_formants_phase2.TestBug3Fix2ScoreGopWiderTolerance" name="test_score_at_2_5_sd_is_0" time="0.000" /><testcase classname="tests.test_phoneme_formants_phase2.TestBug3Fix2ScoreGopWiderTolerance" name="test_score_slightly_off_is_higher_than_at_2sd" time="0.000" /><testcase classname="tests.test_phoneme_formants_phase2.TestBug3Fix3WeightedComposite" name="test_composite_with_f3_matches_expected_weights" time="0.000" /><testcase classname="tests.test_phoneme_formants_phase2.TestBug3Fix3WeightedComposite" name="test_plain_mean_would_be_49" time="0.000" /><testcase classname="tests.test_phoneme_formants_phase2.TestBug3Fix3WeightedComposite" name="test_composite_no_f3_uses_f1_035_f2_065" time="0.000" /><testcase classname="tests.test_phoneme_formants_phase2.TestBug3Fix3WeightedComposite" name="test_composite_all_100_is_100" time="0.000" /><testcase classname="tests.test_phoneme_formants_phase2.TestBug3Fix3WeightedComposite" name="test_composite_ge_60_maps_to_at_least_B1" time="0.000" /><testcase classname="tests.test_phoneme_formants_phase2.TestBug3Fix1GroupLoggingE2E" name="test_group_logging_and_e2e" time="1.279" /><testcase classname="tests.test_phoneme_formants_phase2.TestBug4VowelNucleusIgnoresLouderUnvoicedBurst" name="test_bug4_nucleus_locks_on_voiced_vowel_not_burst" time="1.180" /><testcase classname="tests.test_phoneme_formants_phase2.TestBug4GroupSelectionFollowsF0" name="test_high_f0_same_formants_selects_women_or_children" time="0.598" /><testcase classname="tests.test_phoneme_formants_phase2.TestBug4RegressionILongStillCorrect" name="test_i_long_still_low_f1" time="0.849" /><testcase classname="tests.test_phoneme_formants_phase2.TestPhase2Fix1DatasetForWordEvenWithReferenceUrl" name="test_word_ʊ_AmE_with_ref_url_uses_dataset" time="0.754" /><testcase classname="tests.test_phoneme_formants_phase2.TestPhase2Fix1DatasetForWordEvenWithReferenceUrl" name="test_phoneme_ʊ_AmE_uses_dataset" time="0.808" /><testcase classname="tests.test_phoneme_formants_phase2.TestPhase2Fix2MinVarianceNucleus" name="test_ʊ_word_f1_in_plausible_range_and_reproducible" time="1.477" /><testcase classname="tests.test_phoneme_formants_phase2.TestPhase2Fix3F1SanityDiscardsHighWindow" name="test_high_f1_window_discarded" time="0.526" /><testcase classname="tests.test_phoneme_formants_phase2.TestPhase2RegressionFallbackForAbsentPhoneme" name="test_absent_phoneme_falls_back_to_teacher_sample" time="1.417" /><testcase classname="tests.test_phoneme_formants_phase2.TestPhase2F0Stability3IdenticalPosts" name="test_three_identical_posts_yield_identical_f0_and_group" time="1.700" /><testcase classname="tests.test_phoneme_formants_phase2.TestPhase2F0FixedThresholds" name="test_f0_threshold_maps_to_group[120.0-men]" time="0.667" /><testcase classname="tests.test_phoneme_formants_phase2.TestPhase2F0FixedThresholds" name="test_f0_threshold_maps_to_group[200.0-women]" time="0.728" /><testcase classname="tests.test_phoneme_formants_phase2.TestPhase2F0FixedThresholds" name="test_f0_threshold_maps_to_group[280.0-children]" time="0.701" /><testcase classname="tests.test_phoneme_formants_phase2.TestPhase2WholeTakeMeanF0Logging" name="test_log_line_has_f0_and_f0_threshold_method" time="1.178" /><testcase classname="tests.test_phoneme_formants_phase2.TestPhase2Min100msVoicedFallback" name="test_short_voiced_burst_yields_f0_none_and_formant_distance_group" time="0.856" /></testsuite></testsuites>