<?xml version="1.0" encoding="utf-8"?><testsuites name="pytest tests"><testsuite name="pytest" errors="0" failures="0" skipped="0" tests="14" time="1.359" timestamp="2026-07-03T18:18:39.057340+00:00" hostname="agent-env-c5bb9479-c29b-4b8f-8c8a-bb1c462c8e22"><testcase classname="backend.tests.test_phoneme_phase_b.TestCanonicalControlledVocab" name="test_height_is_seven_ipa_terms" time="0.233" /><testcase classname="backend.tests.test_phoneme_phase_b.TestCanonicalControlledVocab" name="test_height_excludes_legacy_terms" time="0.000" /><testcase classname="backend.tests.test_phoneme_phase_b.TestCanonicalControlledVocab" name="test_activation_terms_present" time="0.000" /><testcase classname="backend.tests.test_phoneme_phase_b.TestPhaseARegression" name="test_total_count_84" time="0.112" /><testcase classname="backend.tests.test_phoneme_phase_b.TestPhaseARegression" name="test_genam_count_40" time="0.113" /><testcase classname="backend.tests.test_phoneme_phase_b.TestPhaseARegression" name="test_rp_count_44" time="0.166" /><testcase classname="backend.tests.test_phoneme_phase_b.TestUFootCard" name="test_classification_no_near_high" time="0.103" /><testcase classname="backend.tests.test_phoneme_phase_b.TestUFootCard" name="test_facial_muscles_strict_enum" time="0.000" /><testcase classname="backend.tests.test_phoneme_phase_b.TestUFootCard" name="test_funfact_no_superlative" time="0.000" /><testcase classname="backend.tests.test_phoneme_phase_b.TestUFootCard" name="test_height_knob_capitalized" time="0.000" /><testcase classname="backend.tests.test_phoneme_phase_b.TestIFleeceCard" name="test_facial_muscles_strict_enum" time="0.115" /><testcase classname="backend.tests.test_phoneme_phase_b.TestIFleeceCard" name="test_height_knob_capitalized" time="0.000" /><testcase classname="backend.tests.test_phoneme_phase_b.TestMigrationIdempotency" name="test_repeated_reads_stable" time="0.239" /><testcase classname="backend.tests.test_phoneme_phase_b.TestMigrationIdempotency" name="test_no_legacy_free_text_in_activation_across_both_cards" time="0.201" /></testsuite></testsuites>