<?xml version="1.0" encoding="utf-8"?><testsuites name="pytest tests"><testsuite name="pytest" errors="0" failures="0" skipped="0" tests="16" time="0.361" timestamp="2026-07-05T17:42:30.265809+00:00" hostname="agent-env-c5bb9479-c29b-4b8f-8c8a-bb1c462c8e22"><testcase classname="backend.tests.test_phoneme_phase_d.TestAutofillVowelUFoot" name="test_status_and_source" time="0.232" /><testcase classname="backend.tests.test_phoneme_phase_d.TestAutofillVowelUFoot" name="test_features" time="0.004" /><testcase classname="backend.tests.test_phoneme_phase_d.TestAutofillVowelUFoot" name="test_knobs" time="0.003" /><testcase classname="backend.tests.test_phoneme_phase_d.TestAutofillVowelUFoot" name="test_classification" time="0.003" /><testcase classname="backend.tests.test_phoneme_phase_d.TestAutofillVowelUFoot" name="test_vowel_chart_position" time="0.003" /><testcase classname="backend.tests.test_phoneme_phase_d.TestAutofillVowelFleeceRP" name="test_status_and_features" time="0.003" /><testcase classname="backend.tests.test_phoneme_phase_d.TestAutofillConsonantT" name="test_status_and_shape" time="0.003" /><testcase classname="backend.tests.test_phoneme_phase_d.TestAutofillDiphthongCentring" name="test_rp_ok" time="0.006" /><testcase classname="backend.tests.test_phoneme_phase_d.TestAutofillDiphthongCentring" name="test_genam_404" time="0.003" /><testcase classname="backend.tests.test_phoneme_phase_d.TestAutofillErrors" name="test_unknown_ipa_404" time="0.003" /><testcase classname="backend.tests.test_phoneme_phase_d.TestAutofillErrors" name="test_invalid_dialect_400" time="0.002" /><testcase classname="backend.tests.test_phoneme_phase_d.TestAutofillErrors" name="test_missing_ipa_400_or_422" time="0.002" /><testcase classname="backend.tests.test_phoneme_phase_d.TestAutofillErrors" name="test_no_auth_403" time="0.001" /><testcase classname="backend.tests.test_phoneme_phase_d.TestAutofillNoPersistence" name="test_u_foot_unchanged_after_autofill" time="0.011" /><testcase classname="backend.tests.test_phoneme_phase_d.TestRegression" name="test_canonical_count_84" time="0.004" /><testcase classname="backend.tests.test_phoneme_phase_d.TestRegression" name="test_u_foot_frequency_chart_9_bars" time="0.003" /></testsuite></testsuites>