<?xml version="1.0" encoding="utf-8"?><testsuites name="pytest tests"><testsuite name="pytest" errors="0" failures="0" skipped="0" tests="15" time="6.275" timestamp="2026-07-16T17:38:11.623869+00:00" hostname="agent-env-3d5a8dc9-b94d-49b0-9ed8-e705d2c7c945"><testcase classname="tests.test_phoneme_formants_phase2.TestConsentGate" name="test_403_without_audio_consent" time="0.889" /><testcase classname="tests.test_phoneme_formants_phase2.TestConsentGate" name="test_200_after_granting_consent" time="0.773" /><testcase classname="tests.test_phoneme_formants_phase2.TestBug1FormantNucleusMedian" name="test_i_fleece_f1_is_low" time="0.769" /><testcase classname="tests.test_phoneme_formants_phase2.TestBug2WordReferenceRelativeUrl" name="test_word_reference_relative_url" time="1.306" /><testcase classname="tests.test_phoneme_formants_phase2.TestRegressionDatasetPhoneme" name="test_dataset_reference_for_i_AmE" time="0.719" /><testcase classname="tests.test_phoneme_formants_phase2.TestBug3Fix2ScoreGopWiderTolerance" name="test_default_tol_sd_is_2_5" time="0.000" /><testcase classname="tests.test_phoneme_formants_phase2.TestBug3Fix2ScoreGopWiderTolerance" name="test_score_at_mean_is_100" time="0.000" /><testcase classname="tests.test_phoneme_formants_phase2.TestBug3Fix2ScoreGopWiderTolerance" name="test_score_at_2_5_sd_is_0" time="0.000" /><testcase classname="tests.test_phoneme_formants_phase2.TestBug3Fix2ScoreGopWiderTolerance" name="test_score_slightly_off_is_higher_than_at_2sd" time="0.000" /><testcase classname="tests.test_phoneme_formants_phase2.TestBug3Fix3WeightedComposite" name="test_composite_with_f3_matches_expected_weights" time="0.000" /><testcase classname="tests.test_phoneme_formants_phase2.TestBug3Fix3WeightedComposite" name="test_plain_mean_would_be_49" time="0.000" /><testcase classname="tests.test_phoneme_formants_phase2.TestBug3Fix3WeightedComposite" name="test_composite_no_f3_uses_f1_035_f2_065" time="0.000" /><testcase classname="tests.test_phoneme_formants_phase2.TestBug3Fix3WeightedComposite" name="test_composite_all_100_is_100" time="0.000" /><testcase classname="tests.test_phoneme_formants_phase2.TestBug3Fix3WeightedComposite" name="test_composite_ge_60_maps_to_at_least_B1" time="0.000" /><testcase classname="tests.test_phoneme_formants_phase2.TestBug3Fix1GroupLoggingE2E" name="test_group_logging_and_e2e" time="1.326" /></testsuite></testsuites>