<?xml version="1.0" encoding="utf-8"?><testsuites name="pytest tests"><testsuite name="pytest" errors="0" failures="0" skipped="0" tests="14" time="19.207" timestamp="2026-07-17T13:33:07.064242+00:00" hostname="agent-env-3d5a8dc9-b94d-49b0-9ed8-e705d2c7c945"><testcase classname="tests.test_phoneme_formants_iter38.TestAuthConsentGate" name="test_403_without_audio_consent" time="1.114" /><testcase classname="tests.test_phoneme_formants_iter38.TestAuthConsentGate" name="test_200_after_granting_consent" time="1.542" /><testcase classname="tests.test_phoneme_formants_iter38.TestPlausibleStable200" name="test_full_success_shape" time="1.625" /><testcase classname="tests.test_phoneme_formants_iter38.TestPlausibleStable200" name="test_within_window_sd_below_thresholds" time="1.575" /><testcase classname="tests.test_phoneme_formants_iter38.TestImplausibleReturns422StructuredDetail" name="test_off_target_signal_as_i_returns_422" time="1.301" /><testcase classname="tests.test_phoneme_formants_iter38.TestImplausibleReturns422StructuredDetail" name="test_422_expert_reports_measured_f1_beyond_range" time="1.240" /><testcase classname="tests.test_phoneme_formants_iter38.TestPerPhonemePlausibilityRange" name="test_i_AmE_men_F1_range_is_narrow" time="1.556" /><testcase classname="tests.test_phoneme_formants_iter38.TestPerPhonemePlausibilityRange" name="test_i_AmE_rejects_f1_900" time="1.343" /><testcase classname="tests.test_phoneme_formants_iter38.TestPerPhonemePlausibilityRange" name="test_different_phoneme_has_different_range" time="3.082" /><testcase classname="tests.test_phoneme_formants_iter38.TestConsentEndpointsIndependent" name="test_get_consent" time="0.127" /><testcase classname="tests.test_phoneme_formants_iter38.TestConsentEndpointsIndependent" name="test_set_audio_does_not_affect_video" time="0.899" /><testcase classname="tests.test_phoneme_formants_iter38.TestConsentEndpointsIndependent" name="test_invalid_kind_400" time="0.101" /><testcase classname="tests.test_phoneme_formants_iter38.TestSdSourceInReferences" name="test_estimated_pooled_flag_in_diagnostics" time="1.567" /><testcase classname="tests.test_phoneme_formants_iter38.TestSdSourceInReferences" name="test_dispersion_source_estimated_for_dataset" time="1.917" /></testsuite></testsuites>