<?xml version="1.0" encoding="utf-8"?><testsuites name="pytest tests"><testsuite name="pytest" errors="0" failures="0" skipped="0" tests="10" time="8.999" timestamp="2026-07-17T10:58:43.266436+00:00" hostname="agent-env-3d5a8dc9-b94d-49b0-9ed8-e705d2c7c945"><testcase classname="tests.test_phoneme_formants_phase2.TestExpertDiagnosticsInResponse" name="test_diagnostics_structure_for_plausible_u" time="1.515" /><testcase classname="tests.test_phoneme_formants_phase2.TestExpertDiagnosticsInResponse" name="test_diagnostics_does_not_leak_into_student_formants" time="0.769" /><testcase classname="tests.test_phoneme_formants_phase2.TestExpertDiagnosticsStructuredLog" name="test_expert_log_line_present_on_reliable" time="1.188" /><testcase classname="tests.test_phoneme_formants_phase2.TestExpertDiagnosticsStructuredLog" name="test_expert_log_line_present_on_unreliable" time="1.997" /><testcase classname="tests.test_phoneme_formants_phase2.TestExpertDiagnosticsNucleusWindow" name="test_nucleus_window_start_lt_end" time="0.720" /><testcase classname="tests.test_phoneme_formants_phase2.TestExpertDiagnosticsNucleusWindow" name="test_nucleus_window_matches_first_plausible_candidate" time="0.672" /><testcase classname="tests.test_phoneme_formants_phase2.TestExpertDiagnosticsNoScoringRegression" name="test_normal_u_still_scored_from_dataset" time="0.671" /><testcase classname="tests.test_phoneme_formants_phase2.TestExpertDiagnosticsNoScoringRegression" name="test_weighted_composite_still_62_5" time="0.000" /><testcase classname="tests.test_phoneme_formants_phase2.TestExpertDiagnosticsNoScoringRegression" name="test_word_target_u_still_uses_dataset" time="0.700" /><testcase classname="tests.test_phoneme_formants_phase2.TestExpertDiagnosticsNoScoringRegression" name="test_consent_gate_still_403_without_consent" time="0.365" /></testsuite></testsuites>