<?xml version="1.0" encoding="utf-8"?><testsuites name="pytest tests"><testsuite name="pytest" errors="0" failures="0" skipped="0" tests="14" time="19.487" timestamp="2026-07-05T19:02:24.988386+00:00" hostname="agent-env-c5bb9479-c29b-4b8f-8c8a-bb1c462c8e22"><testcase classname="backend.tests.test_phoneme_phase_f.TestAiDraftHappyPath" name="test_ufoot_both_fields" time="9.319" /><testcase classname="backend.tests.test_phoneme_phase_f.TestAiDraftHappyPath" name="test_ifleece_mnemonic_only" time="4.068" /><testcase classname="backend.tests.test_phoneme_phase_f.TestAiDraftHappyPath" name="test_ufoot_funfact_only" time="4.500" /><testcase classname="backend.tests.test_phoneme_phase_f.TestAiDraftErrors" name="test_invalid_field" time="0.131" /><testcase classname="backend.tests.test_phoneme_phase_f.TestAiDraftErrors" name="test_empty_fields" time="0.102" /><testcase classname="backend.tests.test_phoneme_phase_f.TestAiDraftErrors" name="test_unsupported_dialect" time="0.139" /><testcase classname="backend.tests.test_phoneme_phase_f.TestAiDraftErrors" name="test_nonexistent_card" time="0.104" /><testcase classname="backend.tests.test_phoneme_phase_f.TestAiDraftErrors" name="test_no_auth" time="0.174" /><testcase classname="backend.tests.test_phoneme_phase_f.TestPreviewOnly" name="test_ufoot_not_persisted" time="0.213" /><testcase classname="backend.tests.test_phoneme_phase_f.TestPreviewOnly" name="test_ifleece_not_persisted" time="0.210" /><testcase classname="backend.tests.test_phoneme_phase_f.TestPhaseFRegressions" name="test_canonical_inventory_still_84" time="0.102" /><testcase classname="backend.tests.test_phoneme_phase_f.TestPhaseFRegressions" name="test_ufoot_public_frequency_chart" time="0.100" /><testcase classname="backend.tests.test_phoneme_phase_f.TestPhaseFRegressions" name="test_ufoot_readiness_still_100" time="0.134" /><testcase classname="backend.tests.test_phoneme_phase_f.TestPhaseFRegressions" name="test_autofill_ufoot_still_works" time="0.100" /></testsuite></testsuites>