<?xml version="1.0" encoding="utf-8"?><testsuites name="pytest tests"><testsuite name="pytest" errors="0" failures="0" skipped="0" tests="8" time="16.641" timestamp="2026-07-05T19:24:19.922347+00:00" hostname="agent-env-c5bb9479-c29b-4b8f-8c8a-bb1c462c8e22"><testcase classname="backend.tests.test_phoneme_batch_fill.TestBatchFillAuthAndErrors" name="test_no_auth_returns_403" time="0.550" /><testcase classname="backend.tests.test_phoneme_batch_fill.TestBatchFillAuthAndErrors" name="test_nonexistent_id_returns_404" time="0.099" /><testcase classname="backend.tests.test_phoneme_batch_fill.TestBatchFillAuthAndErrors" name="test_published_card_without_overwrite_returns_409" time="0.120" /><testcase classname="backend.tests.test_phoneme_batch_fill.TestBatchFillAutofillOnly" name="test_autofill_only_no_ai" time="0.218" /><testcase classname="backend.tests.test_phoneme_batch_fill.TestBatchFillPublishedPreserved" name="test_frequency_chart_unchanged_after_batch" time="0.306" /><testcase classname="backend.tests.test_phoneme_batch_fill.TestBatchFillWithAI" name="test_batch_fill_with_ai_full" time="7.019" /><testcase classname="backend.tests.test_phoneme_batch_fill.TestBatchFillSeedMismatch" name="test_edress_default_dialect_returns_404_due_to_seed_mismatch" time="0.116" /><testcase classname="backend.tests.test_phoneme_batch_fill.TestBatchFillPreserveUserEdits" name="test_existing_mnemonic_preserved" time="8.164" /></testsuite></testsuites>