<?xml version="1.0" encoding="utf-8"?><testsuites name="pytest tests"><testsuite name="pytest" errors="0" failures="0" skipped="0" tests="23" time="14.050" timestamp="2026-07-16T18:14:22.899349+00:00" hostname="agent-env-3d5a8dc9-b94d-49b0-9ed8-e705d2c7c945"><testcase classname="tests.test_phoneme_formants_phase2.TestConsentGate" name="test_403_without_audio_consent" time="0.791" /><testcase classname="tests.test_phoneme_formants_phase2.TestConsentGate" name="test_200_after_granting_consent" time="0.804" /><testcase classname="tests.test_phoneme_formants_phase2.TestBug1FormantNucleusMedian" name="test_i_fleece_f1_is_low" time="0.899" /><testcase classname="tests.test_phoneme_formants_phase2.TestBug2WordReferenceRelativeUrl" name="test_word_reference_relative_url_fallback_for_absent_phoneme" time="1.392" /><testcase classname="tests.test_phoneme_formants_phase2.TestRegressionDatasetPhoneme" name="test_dataset_reference_for_i_AmE" time="0.808" /><testcase classname="tests.test_phoneme_formants_phase2.TestBug3Fix2ScoreGopWiderTolerance" name="test_default_tol_sd_is_2_5" time="0.000" /><testcase classname="tests.test_phoneme_formants_phase2.TestBug3Fix2ScoreGopWiderTolerance" name="test_score_at_mean_is_100" time="0.000" /><testcase classname="tests.test_phoneme_formants_phase2.TestBug3Fix2ScoreGopWiderTolerance" name="test_score_at_2_5_sd_is_0" time="0.000" /><testcase classname="tests.test_phoneme_formants_phase2.TestBug3Fix2ScoreGopWiderTolerance" name="test_score_slightly_off_is_higher_than_at_2sd" time="0.000" /><testcase classname="tests.test_phoneme_formants_phase2.TestBug3Fix3WeightedComposite" name="test_composite_with_f3_matches_expected_weights" time="0.000" /><testcase classname="tests.test_phoneme_formants_phase2.TestBug3Fix3WeightedComposite" name="test_plain_mean_would_be_49" time="0.000" /><testcase classname="tests.test_phoneme_formants_phase2.TestBug3Fix3WeightedComposite" name="test_composite_no_f3_uses_f1_035_f2_065" time="0.000" /><testcase classname="tests.test_phoneme_formants_phase2.TestBug3Fix3WeightedComposite" name="test_composite_all_100_is_100" time="0.000" /><testcase classname="tests.test_phoneme_formants_phase2.TestBug3Fix3WeightedComposite" name="test_composite_ge_60_maps_to_at_least_B1" time="0.000" /><testcase classname="tests.test_phoneme_formants_phase2.TestBug3Fix1GroupLoggingE2E" name="test_group_logging_and_e2e" time="1.363" /><testcase classname="tests.test_phoneme_formants_phase2.TestBug4VowelNucleusIgnoresLouderUnvoicedBurst" name="test_bug4_nucleus_locks_on_voiced_vowel_not_burst" time="1.084" /><testcase classname="tests.test_phoneme_formants_phase2.TestBug4GroupSelectionFollowsF0" name="test_high_f0_same_formants_selects_women_or_children" time="0.608" /><testcase classname="tests.test_phoneme_formants_phase2.TestBug4RegressionILongStillCorrect" name="test_i_long_still_low_f1" time="0.840" /><testcase classname="tests.test_phoneme_formants_phase2.TestPhase2Fix1DatasetForWordEvenWithReferenceUrl" name="test_word_ʊ_AmE_with_ref_url_uses_dataset" time="0.754" /><testcase classname="tests.test_phoneme_formants_phase2.TestPhase2Fix1DatasetForWordEvenWithReferenceUrl" name="test_phoneme_ʊ_AmE_uses_dataset" time="0.819" /><testcase classname="tests.test_phoneme_formants_phase2.TestPhase2Fix2MinVarianceNucleus" name="test_ʊ_word_f1_in_plausible_range_and_reproducible" time="1.470" /><testcase classname="tests.test_phoneme_formants_phase2.TestPhase2Fix3F1SanityDiscardsHighWindow" name="test_high_f1_window_discarded" time="0.515" /><testcase classname="tests.test_phoneme_formants_phase2.TestPhase2RegressionFallbackForAbsentPhoneme" name="test_absent_phoneme_falls_back_to_teacher_sample" time="1.430" /></testsuite></testsuites>