<?xml version="1.0" encoding="utf-8"?><testsuites name="pytest tests"><testsuite name="pytest" errors="0" failures="0" skipped="0" tests="10" time="1.691" timestamp="2026-07-05T18:31:10.811349+00:00" hostname="agent-env-c5bb9479-c29b-4b8f-8c8a-bb1c462c8e22"><testcase classname="backend.tests.test_phoneme_phase_e.TestReadinessBasic" name="test_ufoot_readiness_all_pass" time="0.474" /><testcase classname="backend.tests.test_phoneme_phase_e.TestReadinessBasic" name="test_ifleece_readiness_pass" time="0.121" /><testcase classname="backend.tests.test_phoneme_phase_e.TestReadinessBasic" name="test_nonexistent_returns_404" time="0.156" /><testcase classname="backend.tests.test_phoneme_phase_e.TestReadinessBasic" name="test_no_auth_returns_403" time="0.099" /><testcase classname="backend.tests.test_phoneme_phase_e.TestContradictionDetection" name="test_height_and_classification_contradiction" time="0.133" /><testcase classname="backend.tests.test_phoneme_phase_e.TestContradictionDetection" name="test_contrast_self_detection" time="0.108" /><testcase classname="backend.tests.test_phoneme_phase_e.TestRegression" name="test_canonical_still_84" time="0.101" /><testcase classname="backend.tests.test_phoneme_phase_e.TestRegression" name="test_ufoot_public_freqchart_9_bars" time="0.109" /><testcase classname="backend.tests.test_phoneme_phase_e.TestRegression" name="test_autofill_still_works" time="0.144" /><testcase classname="backend.tests.test_phoneme_phase_e.TestZFinalState" name="test_ufoot_final_state_clean" time="0.121" /></testsuite></testsuites>