<?xml version="1.0" encoding="utf-8"?><testsuites name="pytest tests"><testsuite name="pytest" errors="0" failures="0" skipped="0" tests="8" time="1.700" timestamp="2026-07-05T17:29:55.531562+00:00" hostname="agent-env-c5bb9479-c29b-4b8f-8c8a-bb1c462c8e22"><testcase classname="backend.tests.test_phoneme_phase_c.TestPublicFrequencyChart" name="test_u_foot_has_9_canonical_bars" time="0.185" /><testcase classname="backend.tests.test_phoneme_phase_c.TestPublicFrequencyChart" name="test_i_fleece_iː_active_height_100" time="0.105" /><testcase classname="backend.tests.test_phoneme_phase_c.TestAdminPublicParity" name="test_admin_get_matches_public_chart" time="0.495" /><testcase classname="backend.tests.test_phoneme_phase_c.TestPutLockdown" name="test_malicious_freq_chart_is_stripped_but_other_updates_apply" time="0.192" /><testcase classname="backend.tests.test_phoneme_phase_c.TestPostLockdown" name="test_create_ignores_client_freq_chart" time="0.129" /><testcase classname="backend.tests.test_phoneme_phase_c.TestRegression" name="test_canonical_count_84" time="0.105" /><testcase classname="backend.tests.test_phoneme_phase_c.TestRegression" name="test_genam_and_rp_split" time="0.311" /><testcase classname="backend.tests.test_phoneme_phase_c.TestRegression" name="test_u_foot_phase_b_still_holds" time="0.116" /></testsuite></testsuites>