<?xml version="1.0" encoding="utf-8"?><testsuites name="pytest tests"><testsuite name="pytest" errors="0" failures="0" skipped="0" tests="35" time="33.889" timestamp="2026-07-16T21:28:10.847095+00:00" hostname="agent-env-3d5a8dc9-b94d-49b0-9ed8-e705d2c7c945"><testcase classname="tests.test_phoneme_formants_phase2.TestConsentGate" name="test_403_without_audio_consent" time="0.707" /><testcase classname="tests.test_phoneme_formants_phase2.TestConsentGate" name="test_200_after_granting_consent" time="0.773" /><testcase classname="tests.test_phoneme_formants_phase2.TestBug1FormantNucleusMedian" name="test_i_fleece_f1_is_low" time="0.857" /><testcase classname="tests.test_phoneme_formants_phase2.TestBug2WordReferenceRelativeUrl" name="test_word_reference_relative_url_fallback_for_absent_phoneme" time="1.420" /><testcase classname="tests.test_phoneme_formants_phase2.TestRegressionDatasetPhoneme" name="test_dataset_reference_for_i_AmE" time="0.812" /><testcase classname="tests.test_phoneme_formants_phase2.TestBug3Fix2ScoreGopWiderTolerance" name="test_default_tol_sd_is_2_5" time="0.000" /><testcase classname="tests.test_phoneme_formants_phase2.TestBug3Fix2ScoreGopWiderTolerance" name="test_score_at_mean_is_100" time="0.000" /><testcase classname="tests.test_phoneme_formants_phase2.TestBug3Fix2ScoreGopWiderTolerance" name="test_score_at_2_5_sd_is_0" time="0.000" /><testcase classname="tests.test_phoneme_formants_phase2.TestBug3Fix2ScoreGopWiderTolerance" name="test_score_slightly_off_is_higher_than_at_2sd" time="0.000" /><testcase classname="tests.test_phoneme_formants_phase2.TestBug3Fix3WeightedComposite" name="test_composite_with_f3_matches_expected_weights" time="0.000" /><testcase classname="tests.test_phoneme_formants_phase2.TestBug3Fix3WeightedComposite" name="test_plain_mean_would_be_49" time="0.000" /><testcase classname="tests.test_phoneme_formants_phase2.TestBug3Fix3WeightedComposite" name="test_composite_no_f3_uses_f1_035_f2_065" time="0.000" /><testcase classname="tests.test_phoneme_formants_phase2.TestBug3Fix3WeightedComposite" name="test_composite_all_100_is_100" time="0.000" /><testcase classname="tests.test_phoneme_formants_phase2.TestBug3Fix3WeightedComposite" name="test_composite_ge_60_maps_to_at_least_B1" time="0.000" /><testcase classname="tests.test_phoneme_formants_phase2.TestBug3Fix1GroupLoggingE2E" name="test_group_logging_and_e2e" time="1.298" /><testcase classname="tests.test_phoneme_formants_phase2.TestBug4VowelNucleusIgnoresLouderUnvoicedBurst" name="test_bug4_nucleus_locks_on_voiced_vowel_not_burst" time="1.077" /><testcase classname="tests.test_phoneme_formants_phase2.TestBug4GroupSelectionFollowsF0" name="test_high_f0_same_formants_selects_women_or_children" time="0.608" /><testcase classname="tests.test_phoneme_formants_phase2.TestBug4RegressionILongStillCorrect" name="test_i_long_still_low_f1" time="0.823" /><testcase classname="tests.test_phoneme_formants_phase2.TestPhase2Fix1DatasetForWordEvenWithReferenceUrl" name="test_word_ʊ_AmE_with_ref_url_uses_dataset" time="0.778" /><testcase classname="tests.test_phoneme_formants_phase2.TestPhase2Fix1DatasetForWordEvenWithReferenceUrl" name="test_phoneme_ʊ_AmE_uses_dataset" time="0.801" /><testcase classname="tests.test_phoneme_formants_phase2.TestPhase2Fix2MinVarianceNucleus" name="test_ʊ_word_f1_in_plausible_range_and_reproducible" time="1.402" /><testcase classname="tests.test_phoneme_formants_phase2.TestPhase2Fix3F1SanityDiscardsHighWindow" name="test_high_f1_window_discarded" time="0.500" /><testcase classname="tests.test_phoneme_formants_phase2.TestPhase2RegressionFallbackForAbsentPhoneme" name="test_absent_phoneme_falls_back_to_teacher_sample" time="1.410" /><testcase classname="tests.test_phoneme_formants_phase2.TestPhase2F0Stability3IdenticalPosts" name="test_three_identical_posts_yield_identical_f0_and_group" time="1.754" /><testcase classname="tests.test_phoneme_formants_phase2.TestPhase2F0FixedThresholds" name="test_f0_threshold_maps_to_group[120.0-men]" time="0.693" /><testcase classname="tests.test_phoneme_formants_phase2.TestPhase2F0FixedThresholds" name="test_f0_threshold_maps_to_group[200.0-women]" time="0.639" /><testcase classname="tests.test_phoneme_formants_phase2.TestPhase2F0FixedThresholds" name="test_f0_threshold_maps_to_group[280.0-children]" time="0.818" /><testcase classname="tests.test_phoneme_formants_phase2.TestPhase2WholeTakeMeanF0Logging" name="test_log_line_has_f0_and_f0_threshold_method" time="1.182" /><testcase classname="tests.test_phoneme_formants_phase2.TestPhase2Min100msVoicedFallback" name="test_short_voiced_burst_yields_f0_none_and_formant_distance_group" time="0.793" /><testcase classname="tests.test_phoneme_formants_phase2.TestSilentFallbackImplausibleReturns422" name="test_implausible_f1_returns_422_no_score" time="1.460" /><testcase classname="tests.test_phoneme_formants_phase2.TestSilentFallbackWarningLogs" name="test_warning_logs_on_implausible_rejection" time="1.944" /><testcase classname="tests.test_phoneme_formants_phase2.TestNormalUReturnsReliable200" name="test_normal_u_returns_reliable_and_scored" time="0.710" /><testcase classname="tests.test_phoneme_formants_phase2.TestSilentFallbackReproducibility5x" name="test_5x_normal_wav_identical_reliable_scores" time="2.961" /><testcase classname="tests.test_phoneme_formants_phase2.TestSilentFallbackReproducibility5x" name="test_5x_implausible_wav_consistently_422" time="7.263" /><testcase classname="tests.test_phoneme_formants_phase2.TestSilentFallbackRetriesCeilings" name="test_three_ceilings_are_attempted_in_source" time="0.003" /></testsuite></testsuites>