<?xml version="1.0" encoding="utf-8"?><testsuites name="pytest tests"><testsuite name="pytest" errors="0" failures="0" skipped="0" tests="5" time="4.980" timestamp="2026-07-16T17:16:46.391381+00:00" hostname="agent-env-3d5a8dc9-b94d-49b0-9ed8-e705d2c7c945"><testcase classname="backend.tests.test_phoneme_formants_phase2.TestConsentGate" name="test_403_without_audio_consent" time="0.755" /><testcase classname="backend.tests.test_phoneme_formants_phase2.TestConsentGate" name="test_200_after_granting_consent" time="0.818" /><testcase classname="backend.tests.test_phoneme_formants_phase2.TestBug1FormantNucleusMedian" name="test_i_fleece_f1_is_low" time="1.119" /><testcase classname="backend.tests.test_phoneme_formants_phase2.TestBug2WordReferenceRelativeUrl" name="test_word_reference_relative_url" time="1.301" /><testcase classname="backend.tests.test_phoneme_formants_phase2.TestRegressionDatasetPhoneme" name="test_dataset_reference_for_i_AmE" time="0.717" /></testsuite></testsuites>