<?xml version="1.0" encoding="utf-8"?><testsuites name="pytest tests"><testsuite name="pytest" errors="0" failures="0" skipped="0" tests="12" time="3.771" timestamp="2026-02-19T12:13:12.083189+00:00" hostname="agent-env-adbd8c7b-6e54-4a5c-bbdd-8975c7e83035"><testcase classname="backend.tests.test_popup_messages.TestAdminPopupCRUD" name="test_list_popups_as_admin" time="0.546" /><testcase classname="backend.tests.test_popup_messages.TestAdminPopupCRUD" name="test_create_text_popup" time="0.121" /><testcase classname="backend.tests.test_popup_messages.TestAdminPopupCRUD" name="test_create_video_popup_with_youtube" time="0.109" /><testcase classname="backend.tests.test_popup_messages.TestAdminPopupCRUD" name="test_toggle_popup_active" time="0.218" /><testcase classname="backend.tests.test_popup_messages.TestAdminPopupCRUD" name="test_edit_popup_message" time="0.185" /><testcase classname="backend.tests.test_popup_messages.TestAdminPopupCRUD" name="test_delete_popup_message" time="0.231" /><testcase classname="backend.tests.test_popup_messages.TestClientPopups" name="test_client_get_popups" time="1.002" /><testcase classname="backend.tests.test_popup_messages.TestClientPopups" name="test_client_dismiss_popup" time="0.209" /><testcase classname="backend.tests.test_popup_messages.TestClientPopups" name="test_inactive_popup_not_visible" time="0.172" /><testcase classname="backend.tests.test_popup_messages.TestTargetedPopups" name="test_popup_for_specific_user" time="0.167" /><testcase classname="backend.tests.test_popup_messages.TestPopupWithCTA" name="test_popup_with_cta_button" time="0.150" /><testcase classname="backend.tests.test_popup_messages.TestCleanup" name="test_cleanup_test_popups" time="0.578" /></testsuite></testsuites>