<?xml version="1.0" encoding="utf-8"?><testsuites name="pytest tests"><testsuite name="pytest" errors="0" failures="0" skipped="0" tests="20" time="6.011" timestamp="2026-01-20T12:44:58.588987+00:00" hostname="agent-env-4bcdceed-d79d-4c2a-a6ea-9fbd328d3fa5"><testcase classname="tests.test_auth_members.TestHealthCheck" name="test_api_root" time="0.064" /><testcase classname="tests.test_auth_members.TestAuthentication" name="test_login_admin_success" time="0.276" /><testcase classname="tests.test_auth_members.TestAuthentication" name="test_login_client_success" time="0.293" /><testcase classname="tests.test_auth_members.TestAuthentication" name="test_login_invalid_credentials" time="0.045" /><testcase classname="tests.test_auth_members.TestAuthentication" name="test_get_current_user_admin" time="0.338" /><testcase classname="tests.test_auth_members.TestAuthentication" name="test_get_current_user_client" time="0.375" /><testcase classname="tests.test_auth_members.TestAuthentication" name="test_protected_endpoint_without_token" time="0.052" /><testcase classname="tests.test_auth_members.TestAdminUserManagement" name="test_list_users_as_admin" time="0.330" /><testcase classname="tests.test_auth_members.TestAdminUserManagement" name="test_list_users_as_client_forbidden" time="0.303" /><testcase classname="tests.test_auth_members.TestAdminUserManagement" name="test_create_user_as_admin" time="0.577" /><testcase classname="tests.test_auth_members.TestAdminUserManagement" name="test_create_user_as_client_forbidden" time="0.292" /><testcase classname="tests.test_auth_members.TestAdminContentManagement" name="test_list_content_as_admin" time="0.310" /><testcase classname="tests.test_auth_members.TestAdminContentManagement" name="test_list_content_as_client_forbidden" time="0.355" /><testcase classname="tests.test_auth_members.TestAdminContentManagement" name="test_create_content_as_admin" time="0.428" /><testcase classname="tests.test_auth_members.TestAdminContentManagement" name="test_update_content_as_admin" time="0.379" /><testcase classname="tests.test_auth_members.TestMembersArea" name="test_get_member_content_as_client" time="0.340" /><testcase classname="tests.test_auth_members.TestMembersArea" name="test_get_member_content_as_admin" time="0.318" /><testcase classname="tests.test_auth_members.TestMembersArea" name="test_get_member_content_without_auth" time="0.038" /><testcase classname="tests.test_auth_members.TestMembersArea" name="test_get_content_categories" time="0.337" /><testcase classname="tests.test_auth_members.TestRouteProtection" name="test_admin_endpoints_require_admin_role" time="0.404" /></testsuite></testsuites>