<?xml version="1.0" encoding="utf-8"?><testsuites name="pytest tests"><testsuite name="pytest" errors="0" failures="0" skipped="0" tests="14" time="8.844" timestamp="2026-02-19T18:17:40.965900+00:00" hostname="agent-env-adbd8c7b-6e54-4a5c-bbdd-8975c7e83035"><testcase classname="backend.tests.test_thumbnails.TestThumbnailEndpoints" name="test_youtube_thumbnail_standard_url" time="0.501" /><testcase classname="backend.tests.test_thumbnails.TestThumbnailEndpoints" name="test_youtube_thumbnail_shorturl" time="0.508" /><testcase classname="backend.tests.test_thumbnails.TestThumbnailEndpoints" name="test_youtube_thumbnail_shorts_url" time="0.488" /><testcase classname="backend.tests.test_thumbnails.TestThumbnailEndpoints" name="test_youtube_thumbnail_embed_url" time="0.438" /><testcase classname="backend.tests.test_thumbnails.TestThumbnailEndpoints" name="test_google_drive_thumbnail" time="0.491" /><testcase classname="backend.tests.test_thumbnails.TestThumbnailEndpoints" name="test_invalid_url_no_thumbnail" time="0.501" /><testcase classname="backend.tests.test_thumbnails.TestThumbnailEndpoints" name="test_custom_thumbnail_upload" time="0.549" /><testcase classname="backend.tests.test_thumbnails.TestThumbnailEndpoints" name="test_custom_thumbnail_invalid_file_type" time="0.506" /><testcase classname="backend.tests.test_thumbnails.TestUploadWithThumbnailGeneration" name="test_upload_returns_thumbnail_url_field" time="0.918" /><testcase classname="backend.tests.test_thumbnails.TestContentThumbnailIntegration" name="test_create_content_with_youtube_thumbnail" time="0.560" /><testcase classname="backend.tests.test_thumbnails.TestContentThumbnailIntegration" name="test_content_thumbnail_persisted_in_list" time="0.751" /><testcase classname="backend.tests.test_thumbnails.TestPopupThumbnailIntegration" name="test_create_popup_with_thumbnail" time="0.514" /><testcase classname="backend.tests.test_thumbnails.TestPopupThumbnailIntegration" name="test_popup_thumbnail_update" time="0.941" /><testcase classname="backend.tests.test_thumbnails.TestMembersAreaThumbnailDisplay" name="test_client_receives_thumbnail_in_content" time="1.096" /></testsuite></testsuites>