<?xml version="1.0" encoding="utf-8"?><testsuites name="pytest tests"><testsuite name="pytest" errors="0" failures="0" skipped="0" tests="8" time="9.280" timestamp="2026-02-23T14:08:07.152329+00:00" hostname="agent-env-c5bb9479-c29b-4b8f-8c8a-bb1c462c8e22"><testcase classname="backend.tests.test_user_roles.TestUserRoles" name="test_create_user_with_lead_role" time="0.970" /><testcase classname="backend.tests.test_user_roles.TestUserRoles" name="test_create_user_with_collaborator_role" time="0.919" /><testcase classname="backend.tests.test_user_roles.TestUserRoles" name="test_create_user_with_editor_role" time="0.849" /><testcase classname="backend.tests.test_user_roles.TestUserRoles" name="test_create_user_with_manager_role" time="0.848" /><testcase classname="backend.tests.test_user_roles.TestUserRoles" name="test_update_user_role_from_client_to_lead" time="1.072" /><testcase classname="backend.tests.test_user_roles.TestUserRoles" name="test_list_users_shows_all_roles" time="0.563" /><testcase classname="backend.tests.test_user_roles.TestUserRoles" name="test_create_user_with_full_crm_fields" time="0.802" /><testcase classname="backend.tests.test_user_roles.TestUserRoles" name="test_verify_role_in_users_table" time="3.107" /></testsuite></testsuites>